Flow report for mipspipeline
Wed Dec 13 18:18:41 2017
Quartus II 64-Bit Version 13.0.1 Build 232 06/12/2013 Service Pack 1 SJ Web Edition


---------------------
; Table of Contents ;
---------------------
  1. Legal Notice
  2. Flow Summary
  3. Flow Settings
  4. Flow Non-Default Global Settings
  5. Flow Elapsed Time
  6. Flow OS Summary
  7. Flow Log
  8. Flow Messages
  9. Flow Suppressed Messages



----------------
; Legal Notice ;
----------------
Copyright (C) 1991-2013 Altera Corporation
Your use of Altera Corporation's design tools, logic functions 
and other software and tools, and its AMPP partner logic 
functions, and any output files from any of the foregoing 
(including device programming or simulation files), and any 
associated documentation or information are expressly subject 
to the terms and conditions of the Altera Program License 
Subscription Agreement, Altera MegaCore Function License 
Agreement, or other applicable license agreement, including, 
without limitation, that your use is for the sole purpose of 
programming logic devices manufactured by Altera and sold by 
Altera or its authorized distributors.  Please refer to the 
applicable agreement for further details.



+--------------------------------------------------------------------------------------+
; Flow Summary                                                                         ;
+------------------------------------+-------------------------------------------------+
; Flow Status                        ; Successful - Wed Dec 13 18:18:41 2017           ;
; Quartus II 64-Bit Version          ; 13.0.1 Build 232 06/12/2013 SP 1 SJ Web Edition ;
; Revision Name                      ; mipspipeline                                    ;
; Top-level Entity Name              ; mipspipeline                                    ;
; Family                             ; Cyclone II                                      ;
; Device                             ; EP2C70F896C6                                    ;
; Timing Models                      ; Final                                           ;
; Total logic elements               ; 3,229 / 68,416 ( 5 % )                          ;
;     Total combinational functions  ; 2,562 / 68,416 ( 4 % )                          ;
;     Dedicated logic registers      ; 1,426 / 68,416 ( 2 % )                          ;
; Total registers                    ; 1426                                            ;
; Total pins                         ; 399 / 622 ( 64 % )                              ;
; Total virtual pins                 ; 0                                               ;
; Total memory bits                  ; 16,384 / 1,152,000 ( 1 % )                      ;
; Embedded Multiplier 9-bit elements ; 0 / 300 ( 0 % )                                 ;
; Total PLLs                         ; 0 / 4 ( 0 % )                                   ;
+------------------------------------+-------------------------------------------------+


+-----------------------------------------+
; Flow Settings                           ;
+-------------------+---------------------+
; Option            ; Setting             ;
+-------------------+---------------------+
; Start date & time ; 12/13/2017 18:17:43 ;
; Main task         ; Compilation         ;
; Revision Name     ; mipspipeline        ;
+-------------------+---------------------+


+------------------------------------------------------------------------------------------------------------------------------------------------------+
; Flow Non-Default Global Settings                                                                                                                     ;
+--------------------------------------+---------------------------------------------------------------+---------------+-------------+-----------------+
; Assignment Name                      ; Value                                                         ; Default Value ; Entity Name ; Section Id      ;
+--------------------------------------+---------------------------------------------------------------+---------------+-------------+-----------------+
; COMPILER_SIGNATURE_ID                ; 244449675655791.151319626302368                               ; --            ; --          ; --              ;
; EDA_DESIGN_INSTANCE_NAME             ; Init                                                          ; --            ; --          ; mipspipeline_tb ;
; EDA_NATIVELINK_SIMULATION_TEST_BENCH ; mipspipeline_tb                                               ; --            ; --          ; eda_simulation  ;
; EDA_OUTPUT_DATA_FORMAT               ; Vhdl                                                          ; --            ; --          ; eda_simulation  ;
; EDA_SIMULATION_TOOL                  ; ModelSim-Altera (VHDL)                                        ; <None>        ; --          ; --              ;
; EDA_TEST_BENCH_ENABLE_STATUS         ; TEST_BENCH_MODE                                               ; --            ; --          ; eda_simulation  ;
; EDA_TEST_BENCH_FILE                  ; ../../Users/Guilherme/Desktop/PROJETO OAC/mipspipeline_tb.vhd ; --            ; --          ; mipspipeline_tb ;
; EDA_TEST_BENCH_MODULE_NAME           ; mipspipeline_tb                                               ; --            ; --          ; mipspipeline_tb ;
; EDA_TEST_BENCH_NAME                  ; mipspipeline_tb                                               ; --            ; --          ; eda_simulation  ;
; EDA_TEST_BENCH_RUN_SIM_FOR           ; 200 ns                                                        ; --            ; --          ; mipspipeline_tb ;
; MAX_CORE_JUNCTION_TEMP               ; 85                                                            ; --            ; --          ; --              ;
; MIN_CORE_JUNCTION_TEMP               ; 0                                                             ; --            ; --          ; --              ;
; PARTITION_COLOR                      ; 16764057                                                      ; --            ; --          ; Top             ;
; PARTITION_FITTER_PRESERVATION_LEVEL  ; PLACEMENT_AND_ROUTING                                         ; --            ; --          ; Top             ;
; PARTITION_NETLIST_TYPE               ; SOURCE                                                        ; --            ; --          ; Top             ;
; POWER_BOARD_THERMAL_MODEL            ; None (CONSERVATIVE)                                           ; --            ; --          ; --              ;
; POWER_PRESET_COOLING_SOLUTION        ; 23 MM HEAT SINK WITH 200 LFPM AIRFLOW                         ; --            ; --          ; --              ;
; PROJECT_OUTPUT_DIRECTORY             ; output_files                                                  ; --            ; --          ; --              ;
+--------------------------------------+---------------------------------------------------------------+---------------+-------------+-----------------+


+-------------------------------------------------------------------------------------------------------------------------------+
; Flow Elapsed Time                                                                                                             ;
+---------------------------+--------------+-------------------------+---------------------+------------------------------------+
; Module Name               ; Elapsed Time ; Average Processors Used ; Peak Virtual Memory ; Total CPU Time (on all processors) ;
+---------------------------+--------------+-------------------------+---------------------+------------------------------------+
; Analysis & Synthesis      ; 00:00:09     ; 1.0                     ; 534 MB              ; 00:00:10                           ;
; Fitter                    ; 00:00:36     ; 1.0                     ; 802 MB              ; 00:00:36                           ;
; Assembler                 ; 00:00:03     ; 1.0                     ; 435 MB              ; 00:00:04                           ;
; TimeQuest Timing Analyzer ; 00:00:02     ; 1.0                     ; 473 MB              ; 00:00:02                           ;
; EDA Netlist Writer        ; 00:00:02     ; 1.0                     ; 429 MB              ; 00:00:02                           ;
; Total                     ; 00:00:52     ; --                      ; --                  ; 00:00:54                           ;
+---------------------------+--------------+-------------------------+---------------------+------------------------------------+


+----------------------------------------------------------------------------------------+
; Flow OS Summary                                                                        ;
+---------------------------+------------------+-----------+------------+----------------+
; Module Name               ; Machine Hostname ; OS Name   ; OS Version ; Processor type ;
+---------------------------+------------------+-----------+------------+----------------+
; Analysis & Synthesis      ; Inspiron_5448    ; Windows 7 ; 6.2        ; x86_64         ;
; Fitter                    ; Inspiron_5448    ; Windows 7 ; 6.2        ; x86_64         ;
; Assembler                 ; Inspiron_5448    ; Windows 7 ; 6.2        ; x86_64         ;
; TimeQuest Timing Analyzer ; Inspiron_5448    ; Windows 7 ; 6.2        ; x86_64         ;
; EDA Netlist Writer        ; Inspiron_5448    ; Windows 7 ; 6.2        ; x86_64         ;
+---------------------------+------------------+-----------+------------+----------------+


------------
; Flow Log ;
------------
quartus_map --read_settings_files=on --write_settings_files=off mipspipeline -c mipspipeline
quartus_fit --read_settings_files=off --write_settings_files=off mipspipeline -c mipspipeline
quartus_asm --read_settings_files=off --write_settings_files=off mipspipeline -c mipspipeline
quartus_sta mipspipeline -c mipspipeline
quartus_eda --read_settings_files=off --write_settings_files=off mipspipeline -c mipspipeline



